\BOOKMARK [1][-]{section.1}{\376\377\213\276\213\241\166\356\150\007}{}% 1
\BOOKMARK [1][-]{section.2}{\376\377\165\065\215\357\176\323\147\204\123\312\123\237\164\006}{}% 2
\BOOKMARK [2][-]{subsection.2.1}{\376\377\000P\000i\000p\000e\000l\000i\000n\000e\000\040\000S\000A\000R\000\040\000A\000D\000C\136\372\152\041\123\237\164\006}{section.2}% 3
\BOOKMARK [2][-]{subsection.2.2}{\376\377\000T\000i\000m\000e\000-\000I\000n\000t\000e\000r\000l\000e\000a\000v\000e\000d\000\040\000A\000D\000C\000\040\136\372\152\041\123\237\164\006}{section.2}% 4
\BOOKMARK [3][-]{subsubsection.2.2.1}{\376\377\131\061\214\003\131\061\221\115}{subsection.2.2}% 5
\BOOKMARK [3][-]{subsubsection.2.2.2}{\376\377\130\236\166\312\131\061\221\115}{subsection.2.2}% 6
\BOOKMARK [3][-]{subsubsection.2.2.3}{\376\377\145\366\224\237\120\117\135\356}{subsection.2.2}% 7
\BOOKMARK [3][-]{subsubsection.2.2.4}{\376\377\136\046\133\275\131\061\221\115\377\010\117\106\217\331\116\052\127\050\147\054\152\041\127\213\116\055\147\052\117\123\163\260\377\011}{subsection.2.2}% 8
\BOOKMARK [2][-]{subsection.2.3}{\376\377\145\366\225\364\116\244\176\307\131\061\221\115\213\357\135\356\140\073\176\323}{section.2}% 9
\BOOKMARK [1][-]{section.3}{\376\377\000M\000A\000T\000L\000A\000B\136\372\152\041\124\214\116\377\167\037}{}% 10
\BOOKMARK [2][-]{subsection.3.1}{\376\377\152\041\127\213\116\313\176\315}{section.3}% 11
\BOOKMARK [2][-]{subsection.3.2}{\376\377\116\377\167\037\123\302\145\160}{section.3}% 12
\BOOKMARK [3][-]{subsubsection.3.2.1}{\376\377\152\041\127\213\123\302\145\160}{subsection.3.2}% 13
\BOOKMARK [3][-]{subsubsection.3.2.2}{\376\377\221\307\150\067\116\016\217\223\121\145\117\341\123\367\123\302\145\160}{subsection.3.2}% 14
\BOOKMARK [2][-]{subsection.3.3}{\376\377\116\377\167\037\176\323\147\234}{section.3}% 15
\BOOKMARK [3][-]{subsubsection.3.3.1}{\376\377\164\006\140\363\140\305\121\265}{subsection.3.3}% 16
\BOOKMARK [3][-]{subsubsection.3.3.2}{\376\377\000T\000I\000\040\000m\000i\000s\000m\000a\000t\000c\000h}{subsection.3.3}% 17
\BOOKMARK [3][-]{subsubsection.3.3.3}{\376\377\000p\000i\000p\000e\000l\000i\000n\000e\000d\000-\000S\000A\000R\000\040\000A\000D\000C\176\247\225\364\217\320\145\076\213\357\135\356}{subsection.3.3}% 18
\BOOKMARK [3][-]{subsubsection.3.3.4}{\376\377\000S\000A\000R\000\040\000A\000D\000C\227\136\164\006\140\363}{subsection.3.3}% 19
\BOOKMARK [3][-]{subsubsection.3.3.5}{\376\377\142\100\147\011\227\136\164\006\140\363\123\340\122\240}{subsection.3.3}% 20
